#! /usr/local/bin/vvp
:ivl_version "10.3 (stable)" "(v10_3-42-gb98854309-dirty)";
:ivl_delay_selection "TYPICAL";
:vpi_time_precision - 12;
:vpi_module "system";
:vpi_module "vhdl_sys";
:vpi_module "v2005_math";
:vpi_module "va_math";
S_0x55ca60c04520 .scope module, "tb_alu_0_4x1muxBm" "tb_alu_0_4x1muxBm" 2 2;
 .timescale -9 -12;
v0x55ca60c19c40_0 .var "add", 7 0;
v0x55ca60c19d20_0 .net "aluOut", 7 0, v0x55ca60c19630_0;  1 drivers
v0x55ca60c19df0_0 .var "div", 7 0;
v0x55ca60c19ef0_0 .var "mul", 7 0;
v0x55ca60c19fc0_0 .var "sel0", 0 0;
v0x55ca60c1a0b0_0 .var "sel1", 0 0;
v0x55ca60c1a180_0 .var "sub", 7 0;
S_0x55ca60c046a0 .scope module, "alu_4x1muxBm_dut" "alu_0_4x1muxBm" 2 11, 3 2 0, S_0x55ca60c04520;
 .timescale -9 -12;
    .port_info 0 /INPUT 8 "add"
    .port_info 1 /INPUT 8 "sub"
    .port_info 2 /INPUT 8 "mul"
    .port_info 3 /INPUT 8 "div"
    .port_info 4 /INPUT 1 "sel0"
    .port_info 5 /INPUT 1 "sel1"
    .port_info 6 /OUTPUT 8 "aluOut"
v0x55ca60bcd1a0_0 .net "add", 7 0, v0x55ca60c19c40_0;  1 drivers
v0x55ca60c19630_0 .var "aluOut", 7 0;
v0x55ca60c19710_0 .net "div", 7 0, v0x55ca60c19df0_0;  1 drivers
v0x55ca60c197d0_0 .net "mul", 7 0, v0x55ca60c19ef0_0;  1 drivers
v0x55ca60c198b0_0 .net "sel0", 0 0, v0x55ca60c19fc0_0;  1 drivers
v0x55ca60c199c0_0 .net "sel1", 0 0, v0x55ca60c1a0b0_0;  1 drivers
v0x55ca60c19a80_0 .net "sub", 7 0, v0x55ca60c1a180_0;  1 drivers
E_0x55ca60c02da0/0 .event edge, v0x55ca60c198b0_0, v0x55ca60c199c0_0, v0x55ca60bcd1a0_0, v0x55ca60c19a80_0;
E_0x55ca60c02da0/1 .event edge, v0x55ca60c197d0_0, v0x55ca60c19710_0;
E_0x55ca60c02da0 .event/or E_0x55ca60c02da0/0, E_0x55ca60c02da0/1;
    .scope S_0x55ca60c046a0;
T_0 ;
    %wait E_0x55ca60c02da0;
    %load/vec4 v0x55ca60c198b0_0;
    %load/vec4 v0x55ca60c199c0_0;
    %concat/vec4; draw_concat_vec4
    %dup/vec4;
    %pushi/vec4 0, 0, 2;
    %cmp/u;
    %jmp/1 T_0.0, 6;
    %dup/vec4;
    %pushi/vec4 1, 0, 2;
    %cmp/u;
    %jmp/1 T_0.1, 6;
    %dup/vec4;
    %pushi/vec4 2, 0, 2;
    %cmp/u;
    %jmp/1 T_0.2, 6;
    %dup/vec4;
    %pushi/vec4 3, 0, 2;
    %cmp/u;
    %jmp/1 T_0.3, 6;
    %pushi/vec4 0, 0, 8;
    %store/vec4 v0x55ca60c19630_0, 0, 8;
    %jmp T_0.5;
T_0.0 ;
    %load/vec4 v0x55ca60bcd1a0_0;
    %store/vec4 v0x55ca60c19630_0, 0, 8;
    %jmp T_0.5;
T_0.1 ;
    %load/vec4 v0x55ca60c19a80_0;
    %store/vec4 v0x55ca60c19630_0, 0, 8;
    %jmp T_0.5;
T_0.2 ;
    %load/vec4 v0x55ca60c197d0_0;
    %store/vec4 v0x55ca60c19630_0, 0, 8;
    %jmp T_0.5;
T_0.3 ;
    %load/vec4 v0x55ca60c19710_0;
    %store/vec4 v0x55ca60c19630_0, 0, 8;
    %jmp T_0.5;
T_0.5 ;
    %pop/vec4 1;
    %jmp T_0;
    .thread T_0, $push;
    .scope S_0x55ca60c04520;
T_1 ;
	  %vpi_call 2 22 "$dumpfile", "gtk_alu_0_4x1muxBm.vcd" {0 0 0};
	  %vpi_call 2 23 "$dumpvars", 32'sb00000000000000000000000000000000, S_0x55ca60c04520 {0 0 0};
	  %vpi_call 2 24 "$monitor", "At time = %t, aluOut = %d", $time, v0x55ca60c19d20_0 {0 0 0};
    %pushi/vec4 43, 0, 8;
    %store/vec4 v0x55ca60c19c40_0, 0, 8;
    %pushi/vec4 45, 0, 8;
    %store/vec4 v0x55ca60c1a180_0, 0, 8;
    %pushi/vec4 42, 0, 8;
    %store/vec4 v0x55ca60c19ef0_0, 0, 8;
    %pushi/vec4 47, 0, 8;
    %store/vec4 v0x55ca60c19df0_0, 0, 8;
    %pushi/vec4 0, 0, 1;
    %store/vec4 v0x55ca60c19fc0_0, 0, 1;
    %pushi/vec4 0, 0, 1;
    %store/vec4 v0x55ca60c1a0b0_0, 0, 1;
    %delay 10000, 0;
    %pushi/vec4 0, 0, 1;
    %store/vec4 v0x55ca60c19fc0_0, 0, 1;
    %pushi/vec4 1, 0, 1;
    %store/vec4 v0x55ca60c1a0b0_0, 0, 1;
    %delay 10000, 0;
    %pushi/vec4 1, 0, 1;
    %store/vec4 v0x55ca60c19fc0_0, 0, 1;
    %pushi/vec4 0, 0, 1;
    %store/vec4 v0x55ca60c1a0b0_0, 0, 1;
    %delay 10000, 0;
    %pushi/vec4 1, 0, 1;
    %store/vec4 v0x55ca60c19fc0_0, 0, 1;
    %pushi/vec4 1, 0, 1;
    %store/vec4 v0x55ca60c1a0b0_0, 0, 1;
    %delay 10000, 0;
    %pushi/vec4 0, 0, 1;
    %store/vec4 v0x55ca60c19fc0_0, 0, 1;
    %pushi/vec4 0, 0, 1;
    %store/vec4 v0x55ca60c1a0b0_0, 0, 1;
    %delay 10000, 0;
    %end;
    .thread T_1;
# The file index is used to find the file name in the following table.
:file_names 4;
    "N/A";
    "<interactive>";
    "tb_alu_0_4x1muxBm.v";
    "alu_0_4x1muxBm.v";
